<?xml version="1.0" encoding="UTF-8"?>
<testng-results ignored="0" total="1" passed="1" failed="0" skipped="0">
  <reporter-output>
  </reporter-output>
  <suite started-at="2023-06-22T13:41:43 CDT" name="Default suite" finished-at="2023-06-22T13:41:50 CDT" duration-ms="7773">
    <groups>
    </groups>
    <test started-at="2023-06-22T13:41:43 CDT" name="Default test" finished-at="2023-06-22T13:41:50 CDT" duration-ms="7773">
      <class name="testCases.testCase01">
        <test-method is-config="true" signature="setup()[pri:0, instance:testCases.testCase01@22ef9844]" started-at="2023-06-22T13:41:43 CDT" name="setup" finished-at="2023-06-22T13:41:46 CDT" duration-ms="3108" status="PASS">
          <reporter-output>
          </reporter-output>
        </test-method> <!-- setup -->
        <test-method signature="loginTest()[pri:0, instance:testCases.testCase01@22ef9844]" started-at="2023-06-22T13:41:46 CDT" name="loginTest" finished-at="2023-06-22T13:41:50 CDT" duration-ms="4229" status="PASS">
          <reporter-output>
          </reporter-output>
        </test-method> <!-- loginTest -->
        <test-method is-config="true" signature="tearDown()[pri:0, instance:testCases.testCase01@22ef9844]" started-at="2023-06-22T13:41:50 CDT" name="tearDown" finished-at="2023-06-22T13:41:50 CDT" duration-ms="382" status="PASS">
          <reporter-output>
          </reporter-output>
        </test-method> <!-- tearDown -->
      </class> <!-- testCases.testCase01 -->
    </test> <!-- Default test -->
  </suite> <!-- Default suite -->
</testng-results>
