<?xml version="1.0" encoding="UTF-8"?>
<!-- Generated by org.testng.reporters.JUnitXMLReporter -->
<testsuite ignored="0" hostname="Taruns-MacBook-Pro-2.local" failures="0" tests="3" name="Test Basics 1" time="43.931" errors="0" timestamp="2023-06-30T00:05:30 CDT">
  <testcase classname="testCases.testCase01" name="loginTest" time="1.285"/>
  <testcase classname="testCases.AdminPageTC" name="adminpageTestCase" time="15.617"/>
  <testcase classname="testCases.AdminPageTC" name="adminpageTestCase" time="14.555"/>
</testsuite> <!-- Test Basics 1 -->
